# JRE version: OpenJDK Runtime Environment (25.0.2) (build 25.0.2+-15348964-b329.117)
# Java VM: OpenJDK 64-Bit Server VM (25.0.2+-15348964-b329.117, mixed mode, tiered, compressed oops, compressed class ptrs, g1 gc, windows-amd64)
GC Precious Log:
 CardTable entry size: 512
 Card Set container configuration: InlinePtr #cards 5 size 8 Array Of Cards #cards 10 size 36 Howl #buckets 4 coarsen threshold 1843 Howl Bitmap #cards 512 size 80 coarsen threshold 460 Card regions per heap region 1 cards per card region 2048
 CPUs: 4 total, 4 available
 Memory: 7959M
 Large Page Support: Disabled
 NUMA Support: Disabled
 Compressed Oops: Enabled (32-bit)
 Heap Region Size: 1M
 Heap Min Capacity: 8M
 Heap Initial Capacity: 126M
 Heap Max Capacity: 2G
 Pre-touch: Disabled
 Parallel Workers: 4
 Concurrent Workers: 1
 Concurrent Refinement Workers: 4
 Periodic GC: Disabled
Heap:
 garbage-first heap   total reserved 2097152K, committed 106496K, used 86192K [0x0000000080000000, 0x0000000100000000)
  region size 1024K, 24 young (24576K), 3 survivors (3072K)
GC Heap Usage History (20 events):
Event: 28.697 {heap Before GC invocations=12 (full 0):
 garbage-first heap   total reserved 2097152K, committed 75776K, used 67659K [0x0000000080000000, 0x0000000100000000)
  region size 1024K, 28 young (28672K), 5 survivors (5120K)
}
Event: 28.707 {heap After GC invocations=13 (full 0):
 garbage-first heap   total reserved 2097152K, committed 76800K, used 47211K [0x0000000080000000, 0x0000000100000000)
  region size 1024K, 3 young (3072K), 3 survivors (3072K)
}
Event: 29.273 {heap Before GC invocations=13 (full 0):
 garbage-first heap   total reserved 2097152K, committed 76800K, used 67691K [0x0000000080000000, 0x0000000100000000)
  region size 1024K, 23 young (23552K), 3 survivors (3072K)
}
Event: 29.277 {heap After GC invocations=14 (full 0):
 garbage-first heap   total reserved 2097152K, committed 76800K, used 47553K [0x0000000080000000, 0x0000000100000000)
  region size 1024K, 1 young (1024K), 1 survivors (1024K)
}
Event: 29.665 {heap Before GC invocations=14 (full 0):
 garbage-first heap   total reserved 2097152K, committed 76800K, used 69057K [0x0000000080000000, 0x0000000100000000)
  region size 1024K, 22 young (22528K), 1 survivors (1024K)
}
Event: 29.669 {heap After GC invocations=15 (full 0):
 garbage-first heap   total reserved 2097152K, committed 76800K, used 48784K [0x0000000080000000, 0x0000000100000000)
  region size 1024K, 3 young (3072K), 3 survivors (3072K)
}
Event: 30.288 {heap Before GC invocations=16 (full 0):
 garbage-first heap   total reserved 2097152K, committed 83968K, used 68240K [0x0000000080000000, 0x0000000100000000)
  region size 1024K, 23 young (23552K), 3 survivors (3072K)
}
Event: 30.293 {heap After GC invocations=17 (full 0):
 garbage-first heap   total reserved 2097152K, committed 83968K, used 50666K [0x0000000080000000, 0x0000000100000000)
  region size 1024K, 3 young (3072K), 3 survivors (3072K)
}
Event: 31.760 {heap Before GC invocations=17 (full 0):
 garbage-first heap   total reserved 2097152K, committed 83968K, used 78314K [0x0000000080000000, 0x0000000100000000)
  region size 1024K, 28 young (28672K), 3 survivors (3072K)
}
Event: 31.769 {heap After GC invocations=18 (full 0):
 garbage-first heap   total reserved 2097152K, committed 87040K, used 55590K [0x0000000080000000, 0x0000000100000000)
  region size 1024K, 4 young (4096K), 4 survivors (4096K)
}
Event: 32.145 {heap Before GC invocations=18 (full 0):
 garbage-first heap   total reserved 2097152K, committed 87040K, used 64806K [0x0000000080000000, 0x0000000100000000)
  region size 1024K, 15 young (15360K), 4 survivors (4096K)
}
Event: 32.150 {heap After GC invocations=19 (full 0):
 garbage-first heap   total reserved 2097152K, committed 87040K, used 56529K [0x0000000080000000, 0x0000000100000000)
  region size 1024K, 1 young (1024K), 1 survivors (1024K)
}
Event: 33.150 {heap Before GC invocations=20 (full 0):
 garbage-first heap   total reserved 2097152K, committed 97280K, used 81105K [0x0000000080000000, 0x0000000100000000)
  region size 1024K, 24 young (24576K), 1 survivors (1024K)
}
Event: 33.154 {heap After GC invocations=21 (full 0):
 garbage-first heap   total reserved 2097152K, committed 97280K, used 59412K [0x0000000080000000, 0x0000000100000000)
  region size 1024K, 3 young (3072K), 3 survivors (3072K)
}
Event: 34.503 {heap Before GC invocations=21 (full 0):
 garbage-first heap   total reserved 2097152K, committed 97280K, used 87060K [0x0000000080000000, 0x0000000100000000)
  region size 1024K, 31 young (31744K), 3 survivors (3072K)
}
Event: 34.514 {heap After GC invocations=22 (full 0):
 garbage-first heap   total reserved 2097152K, committed 97280K, used 60703K [0x0000000080000000, 0x0000000100000000)
  region size 1024K, 4 young (4096K), 4 survivors (4096K)
}
Event: 35.056 {heap Before GC invocations=22 (full 0):
 garbage-first heap   total reserved 2097152K, committed 97280K, used 88351K [0x0000000080000000, 0x0000000100000000)
  region size 1024K, 32 young (32768K), 4 survivors (4096K)
}
Event: 35.062 {heap After GC invocations=23 (full 0):
 garbage-first heap   total reserved 2097152K, committed 97280K, used 63006K [0x0000000080000000, 0x0000000100000000)
  region size 1024K, 4 young (4096K), 4 survivors (4096K)
}
Event: 35.710 {heap Before GC invocations=24 (full 0):
 garbage-first heap   total reserved 2097152K, committed 106496K, used 88606K [0x0000000080000000, 0x0000000100000000)
  region size 1024K, 30 young (30720K), 4 survivors (4096K)
}
Event: 35.717 {heap After GC invocations=25 (full 0):
 garbage-first heap   total reserved 2097152K, committed 106496K, used 65712K [0x0000000080000000, 0x0000000100000000)
  region size 1024K, 3 young (3072K), 3 survivors (3072K)
}

